<?xml version="1.0" encoding="UTF-8"?>
<coverage generated="1558012263507" clover="3.2.0">
  <project timestamp="1558012263507" name="All files">
    <metrics statements="128" coveredstatements="88" conditionals="28" coveredconditionals="7" methods="45" coveredmethods="25" elements="201" coveredelements="120" complexity="0" loc="128" ncloc="128" packages="14" files="21" classes="21"/>
    <package name="app.common.form.TextInput">
      <metrics statements="2" coveredstatements="1" conditionals="5" coveredconditionals="0" methods="1" coveredmethods="0"/>
      <file name="TextInput.js" path="/Users/hamdiceylan/Projects/financial-house-test/client/src/app/common/form/TextInput/TextInput.js">
        <metrics statements="2" coveredstatements="1" conditionals="5" coveredconditionals="0" methods="1" coveredmethods="0"/>
        <line num="4" count="2" type="stmt"/>
        <line num="5" count="0" type="stmt"/>
      </file>
    </package>
    <package name="app.common.util">
      <metrics statements="4" coveredstatements="4" conditionals="3" coveredconditionals="3" methods="2" coveredmethods="2"/>
      <file name="reducerUtil.js" path="/Users/hamdiceylan/Projects/financial-house-test/client/src/app/common/util/reducerUtil.js">
        <metrics statements="4" coveredstatements="4" conditionals="3" coveredconditionals="3" methods="2" coveredmethods="2"/>
        <line num="1" count="4" type="stmt"/>
        <line num="2" count="6" type="cond" truecount="1" falsecount="0"/>
        <line num="3" count="26" type="stmt"/>
        <line num="4" count="26" type="cond" truecount="2" falsecount="0"/>
      </file>
    </package>
    <package name="app.layout">
      <metrics statements="4" coveredstatements="2" conditionals="0" coveredconditionals="0" methods="3" coveredmethods="1"/>
      <file name="App.js" path="/Users/hamdiceylan/Projects/financial-house-test/client/src/app/layout/App.js">
        <metrics statements="2" coveredstatements="0" conditionals="0" coveredconditionals="0" methods="2" coveredmethods="0"/>
        <line num="9" count="0" type="stmt"/>
        <line num="18" count="0" type="stmt"/>
      </file>
      <file name="LoadingComponent.js" path="/Users/hamdiceylan/Projects/financial-house-test/client/src/app/layout/LoadingComponent.js">
        <metrics statements="2" coveredstatements="2" conditionals="0" coveredconditionals="0" methods="1" coveredmethods="1"/>
        <line num="4" count="6" type="stmt"/>
        <line num="5" count="1" type="stmt"/>
      </file>
    </package>
    <package name="app.reducers">
      <metrics statements="1" coveredstatements="1" conditionals="0" coveredconditionals="0" methods="0" coveredmethods="0"/>
      <file name="rootReducer.js" path="/Users/hamdiceylan/Projects/financial-house-test/client/src/app/reducers/rootReducer.js">
        <metrics statements="1" coveredstatements="1" conditionals="0" coveredconditionals="0" methods="0" coveredmethods="0"/>
        <line num="7" count="1" type="stmt"/>
      </file>
    </package>
    <package name="app.store">
      <metrics statements="12" coveredstatements="0" conditionals="4" coveredconditionals="0" methods="2" coveredmethods="0"/>
      <file name="configureStore.js" path="/Users/hamdiceylan/Projects/financial-house-test/client/src/app/store/configureStore.js">
        <metrics statements="12" coveredstatements="0" conditionals="4" coveredconditionals="0" methods="2" coveredmethods="0"/>
        <line num="8" count="0" type="stmt"/>
        <line num="9" count="0" type="stmt"/>
        <line num="10" count="0" type="stmt"/>
        <line num="12" count="0" type="stmt"/>
        <line num="14" count="0" type="stmt"/>
        <line num="17" count="0" type="stmt"/>
        <line num="23" count="0" type="cond" truecount="0" falsecount="2"/>
        <line num="24" count="0" type="cond" truecount="0" falsecount="2"/>
        <line num="25" count="0" type="stmt"/>
        <line num="26" count="0" type="stmt"/>
        <line num="27" count="0" type="stmt"/>
        <line num="32" count="0" type="stmt"/>
      </file>
    </package>
    <package name="features.async">
      <metrics statements="16" coveredstatements="16" conditionals="0" coveredconditionals="0" methods="6" coveredmethods="6"/>
      <file name="asyncActions.js" path="/Users/hamdiceylan/Projects/financial-house-test/client/src/features/async/asyncActions.js">
        <metrics statements="6" coveredstatements="6" conditionals="0" coveredconditionals="0" methods="3" coveredmethods="3"/>
        <line num="3" count="9" type="stmt"/>
        <line num="4" count="5" type="stmt"/>
        <line num="9" count="9" type="stmt"/>
        <line num="10" count="4" type="stmt"/>
        <line num="15" count="9" type="stmt"/>
        <line num="16" count="2" type="stmt"/>
      </file>
      <file name="asyncConstants.js" path="/Users/hamdiceylan/Projects/financial-house-test/client/src/features/async/asyncConstants.js">
        <metrics statements="3" coveredstatements="3" conditionals="0" coveredconditionals="0" methods="0" coveredmethods="0"/>
        <line num="1" count="11" type="stmt"/>
        <line num="2" count="11" type="stmt"/>
        <line num="3" count="11" type="stmt"/>
      </file>
      <file name="asyncReducer.js" path="/Users/hamdiceylan/Projects/financial-house-test/client/src/features/async/asyncReducer.js">
        <metrics statements="7" coveredstatements="7" conditionals="0" coveredconditionals="0" methods="3" coveredmethods="3"/>
        <line num="4" count="2" type="stmt"/>
        <line num="8" count="2" type="stmt"/>
        <line num="9" count="2" type="stmt"/>
        <line num="12" count="2" type="stmt"/>
        <line num="13" count="1" type="stmt"/>
        <line num="16" count="2" type="stmt"/>
        <line num="17" count="1" type="stmt"/>
      </file>
    </package>
    <package name="features.auth">
      <metrics statements="16" coveredstatements="15" conditionals="0" coveredconditionals="0" methods="3" coveredmethods="3"/>
      <file name="authActions.js" path="/Users/hamdiceylan/Projects/financial-house-test/client/src/features/auth/authActions.js">
        <metrics statements="12" coveredstatements="11" conditionals="0" coveredconditionals="0" methods="2" coveredmethods="2"/>
        <line num="4" count="3" type="stmt"/>
        <line num="5" count="1" type="stmt"/>
        <line num="6" count="1" type="stmt"/>
        <line num="7" count="1" type="stmt"/>
        <line num="8" count="1" type="stmt"/>
        <line num="15" count="1" type="stmt"/>
        <line num="16" count="1" type="stmt"/>
        <line num="17" count="1" type="stmt"/>
        <line num="18" count="1" type="stmt"/>
        <line num="19" count="0" type="stmt"/>
        <line num="21" count="1" type="stmt"/>
        <line num="22" count="1" type="stmt"/>
      </file>
      <file name="authConstants.js" path="/Users/hamdiceylan/Projects/financial-house-test/client/src/features/auth/authConstants.js">
        <metrics statements="1" coveredstatements="1" conditionals="0" coveredconditionals="0" methods="0" coveredmethods="0"/>
        <line num="1" count="5" type="stmt"/>
      </file>
      <file name="authReducer.js" path="/Users/hamdiceylan/Projects/financial-house-test/client/src/features/auth/authReducer.js">
        <metrics statements="3" coveredstatements="3" conditionals="0" coveredconditionals="0" methods="1" coveredmethods="1"/>
        <line num="4" count="2" type="stmt"/>
        <line num="11" count="2" type="stmt"/>
        <line num="12" count="1" type="stmt"/>
      </file>
    </package>
    <package name="features.auth.Login">
      <metrics statements="4" coveredstatements="3" conditionals="2" coveredconditionals="1" methods="2" coveredmethods="1"/>
      <file name="LoginPage.js" path="/Users/hamdiceylan/Projects/financial-house-test/client/src/features/auth/Login/LoginPage.js">
        <metrics statements="4" coveredstatements="3" conditionals="2" coveredconditionals="1" methods="2" coveredmethods="1"/>
        <line num="9" count="2" type="stmt"/>
        <line num="15" count="1" type="stmt"/>
        <line num="16" count="1" type="stmt"/>
        <line num="23" count="0" type="stmt"/>
      </file>
    </package>
    <package name="features.dashboard">
      <metrics statements="40" coveredstatements="34" conditionals="0" coveredconditionals="0" methods="9" coveredmethods="9"/>
      <file name="dashboardActions.js" path="/Users/hamdiceylan/Projects/financial-house-test/client/src/features/dashboard/dashboardActions.js">
        <metrics statements="30" coveredstatements="24" conditionals="0" coveredconditionals="0" methods="6" coveredmethods="6"/>
        <line num="4" count="6" type="stmt"/>
        <line num="5" count="1" type="stmt"/>
        <line num="6" count="1" type="stmt"/>
        <line num="7" count="1" type="stmt"/>
        <line num="8" count="1" type="stmt"/>
        <line num="16" count="1" type="stmt"/>
        <line num="17" count="1" type="stmt"/>
        <line num="18" count="1" type="stmt"/>
        <line num="20" count="0" type="stmt"/>
        <line num="21" count="0" type="stmt"/>
        <line num="26" count="6" type="stmt"/>
        <line num="27" count="1" type="stmt"/>
        <line num="28" count="1" type="stmt"/>
        <line num="29" count="1" type="stmt"/>
        <line num="30" count="1" type="stmt"/>
        <line num="38" count="1" type="stmt"/>
        <line num="39" count="1" type="stmt"/>
        <line num="41" count="1" type="stmt"/>
        <line num="43" count="0" type="stmt"/>
        <line num="44" count="0" type="stmt"/>
        <line num="49" count="6" type="stmt"/>
        <line num="50" count="1" type="stmt"/>
        <line num="51" count="1" type="stmt"/>
        <line num="52" count="1" type="stmt"/>
        <line num="53" count="1" type="stmt"/>
        <line num="61" count="1" type="stmt"/>
        <line num="62" count="1" type="stmt"/>
        <line num="64" count="1" type="stmt"/>
        <line num="66" count="0" type="stmt"/>
        <line num="67" count="0" type="stmt"/>
      </file>
      <file name="dashboardConstants.js" path="/Users/hamdiceylan/Projects/financial-house-test/client/src/features/dashboard/dashboardConstants.js">
        <metrics statements="3" coveredstatements="3" conditionals="0" coveredconditionals="0" methods="0" coveredmethods="0"/>
        <line num="1" count="8" type="stmt"/>
        <line num="2" count="8" type="stmt"/>
        <line num="3" count="8" type="stmt"/>
      </file>
      <file name="dashboardReducer.js" path="/Users/hamdiceylan/Projects/financial-house-test/client/src/features/dashboard/dashboardReducer.js">
        <metrics statements="7" coveredstatements="7" conditionals="0" coveredconditionals="0" methods="3" coveredmethods="3"/>
        <line num="4" count="2" type="stmt"/>
        <line num="10" count="2" type="stmt"/>
        <line num="11" count="1" type="stmt"/>
        <line num="17" count="2" type="stmt"/>
        <line num="18" count="1" type="stmt"/>
        <line num="24" count="2" type="stmt"/>
        <line num="25" count="1" type="stmt"/>
      </file>
    </package>
    <package name="features.dashboard.ClientDetail">
      <metrics statements="8" coveredstatements="2" conditionals="2" coveredconditionals="0" methods="4" coveredmethods="0"/>
      <file name="ClientDetail.js" path="/Users/hamdiceylan/Projects/financial-house-test/client/src/features/dashboard/ClientDetail/ClientDetail.js">
        <metrics statements="8" coveredstatements="2" conditionals="2" coveredconditionals="0" methods="4" coveredmethods="0"/>
        <line num="9" count="3" type="stmt"/>
        <line num="13" count="3" type="stmt"/>
        <line num="18" count="0" type="stmt"/>
        <line num="23" count="0" type="stmt"/>
        <line num="24" count="0" type="stmt"/>
        <line num="28" count="0" type="stmt"/>
        <line num="35" count="0" type="stmt"/>
        <line num="36" count="0" type="stmt"/>
      </file>
    </package>
    <package name="features.dashboard.DashboardHome">
      <metrics statements="4" coveredstatements="2" conditionals="0" coveredconditionals="0" methods="3" coveredmethods="1"/>
      <file name="DashboardHome.js" path="/Users/hamdiceylan/Projects/financial-house-test/client/src/features/dashboard/DashboardHome/DashboardHome.js">
        <metrics statements="4" coveredstatements="2" conditionals="0" coveredconditionals="0" methods="3" coveredmethods="1"/>
        <line num="10" count="2" type="stmt"/>
        <line num="11" count="1" type="stmt"/>
        <line num="20" count="0" type="stmt"/>
        <line num="23" count="0" type="stmt"/>
      </file>
    </package>
    <package name="features.dashboard.DashboardNav">
      <metrics statements="1" coveredstatements="1" conditionals="0" coveredconditionals="0" methods="1" coveredmethods="1"/>
      <file name="DashboardNav.js" path="/Users/hamdiceylan/Projects/financial-house-test/client/src/features/dashboard/DashboardNav/DashboardNav.js">
        <metrics statements="1" coveredstatements="1" conditionals="0" coveredconditionals="0" methods="1" coveredmethods="1"/>
        <line num="6" count="1" type="stmt"/>
      </file>
    </package>
    <package name="features.dashboard.TransactionDetail">
      <metrics statements="8" coveredstatements="2" conditionals="8" coveredconditionals="0" methods="4" coveredmethods="0"/>
      <file name="TransactionDetail.js" path="/Users/hamdiceylan/Projects/financial-house-test/client/src/features/dashboard/TransactionDetail/TransactionDetail.js">
        <metrics statements="8" coveredstatements="2" conditionals="8" coveredconditionals="0" methods="4" coveredmethods="0"/>
        <line num="8" count="3" type="stmt"/>
        <line num="12" count="3" type="stmt"/>
        <line num="17" count="0" type="stmt"/>
        <line num="22" count="0" type="stmt"/>
        <line num="23" count="0" type="stmt"/>
        <line num="27" count="0" type="stmt"/>
        <line num="33" count="0" type="stmt"/>
        <line num="35" count="0" type="stmt"/>
      </file>
    </package>
    <package name="features.dashboard.TransactionList">
      <metrics statements="8" coveredstatements="5" conditionals="4" coveredconditionals="3" methods="5" coveredmethods="1"/>
      <file name="TransactionList.js" path="/Users/hamdiceylan/Projects/financial-house-test/client/src/features/dashboard/TransactionList/TransactionList.js">
        <metrics statements="8" coveredstatements="5" conditionals="4" coveredconditionals="3" methods="5" coveredmethods="1"/>
        <line num="8" count="3" type="stmt"/>
        <line num="12" count="3" type="stmt"/>
        <line num="18" count="1" type="stmt"/>
        <line num="23" count="0" type="stmt"/>
        <line num="27" count="0" type="stmt"/>
        <line num="34" count="1" type="stmt"/>
        <line num="36" count="1" type="stmt"/>
        <line num="52" count="0" type="stmt"/>
      </file>
    </package>
  </project>
</coverage>
