{"/Users/hamdiceylan/Projects/financial-house-test/client/src/app/common/form/TextInput/TextInput.js": {"path":"/Users/hamdiceylan/Projects/financial-house-test/client/src/app/common/form/TextInput/TextInput.js","statementMap":{"0":{"start":{"line":4,"column":18},"end":{"line":11,"column":1}},"1":{"start":{"line":5,"column":2},"end":{"line":10,"column":3}}},"fnMap":{"0":{"name":"(anonymous_0)","decl":{"start":{"line":4,"column":18},"end":{"line":4,"column":19}},"loc":{"start":{"line":4,"column":80},"end":{"line":11,"column":1}},"line":4}},"branchMap":{"0":{"loc":{"start":{"line":6,"column":23},"end":{"line":6,"column":41}},"type":"binary-expr","locations":[{"start":{"line":6,"column":23},"end":{"line":6,"column":30}},{"start":{"line":6,"column":34},"end":{"line":6,"column":41}}],"line":6},"1":{"loc":{"start":{"line":8,"column":9},"end":{"line":8,"column":69}},"type":"binary-expr","locations":[{"start":{"line":8,"column":9},"end":{"line":8,"column":16}},{"start":{"line":8,"column":20},"end":{"line":8,"column":25}},{"start":{"line":8,"column":29},"end":{"line":8,"column":69}}],"line":8}},"s":{"0":2,"1":0},"f":{"0":0},"b":{"0":[0,0],"1":[0,0,0]},"_coverageSchema":"43e27e138ebf9cfc5966b082cf9a028302ed4184","hash":"d7e8a770da480dda77bd67a9ead6b18b9a81714e"}
,"/Users/hamdiceylan/Projects/financial-house-test/client/src/app/common/util/reducerUtil.js": {"path":"/Users/hamdiceylan/Projects/financial-house-test/client/src/app/common/util/reducerUtil.js","statementMap":{"0":{"start":{"line":1,"column":29},"end":{"line":6,"column":1}},"1":{"start":{"line":2,"column":4},"end":{"line":5,"column":5}},"2":{"start":{"line":3,"column":24},"end":{"line":3,"column":35}},"3":{"start":{"line":4,"column":8},"end":{"line":4,"column":55}}},"fnMap":{"0":{"name":"(anonymous_0)","decl":{"start":{"line":1,"column":29},"end":{"line":1,"column":30}},"loc":{"start":{"line":1,"column":53},"end":{"line":6,"column":1}},"line":1},"1":{"name":"(anonymous_1)","decl":{"start":{"line":2,"column":10},"end":{"line":2,"column":11}},"loc":{"start":{"line":2,"column":50},"end":{"line":5,"column":5}},"line":2}},"branchMap":{"0":{"loc":{"start":{"line":2,"column":11},"end":{"line":2,"column":29}},"type":"default-arg","locations":[{"start":{"line":2,"column":17},"end":{"line":2,"column":29}}],"line":2},"1":{"loc":{"start":{"line":4,"column":15},"end":{"line":4,"column":54}},"type":"cond-expr","locations":[{"start":{"line":4,"column":25},"end":{"line":4,"column":47}},{"start":{"line":4,"column":49},"end":{"line":4,"column":54}}],"line":4}},"s":{"0":4,"1":6,"2":26,"3":26},"f":{"0":6,"1":26},"b":{"0":[26],"1":[8,18]},"_coverageSchema":"43e27e138ebf9cfc5966b082cf9a028302ed4184","hash":"b3d6cfbdb811bdcd28fcac02ae91381a29fbfd7c"}
,"/Users/hamdiceylan/Projects/financial-house-test/client/src/app/layout/App.js": {"path":"/Users/hamdiceylan/Projects/financial-house-test/client/src/app/layout/App.js","statementMap":{"0":{"start":{"line":9,"column":4},"end":{"line":27,"column":6}},"1":{"start":{"line":18,"column":12},"end":{"line":23,"column":18}}},"fnMap":{"0":{"name":"(anonymous_0)","decl":{"start":{"line":8,"column":2},"end":{"line":8,"column":3}},"loc":{"start":{"line":8,"column":11},"end":{"line":28,"column":3}},"line":8},"1":{"name":"(anonymous_1)","decl":{"start":{"line":17,"column":19},"end":{"line":17,"column":20}},"loc":{"start":{"line":18,"column":12},"end":{"line":23,"column":18}},"line":18}},"branchMap":{},"s":{"0":0,"1":0},"f":{"0":0,"1":0},"b":{},"_coverageSchema":"43e27e138ebf9cfc5966b082cf9a028302ed4184","hash":"adee340f09630433ee3f0e147a2b586fd1c4540a"}
,"/Users/hamdiceylan/Projects/financial-house-test/client/src/app/layout/LoadingComponent.js": {"path":"/Users/hamdiceylan/Projects/financial-house-test/client/src/app/layout/LoadingComponent.js","statementMap":{"0":{"start":{"line":4,"column":25},"end":{"line":10,"column":1}},"1":{"start":{"line":5,"column":2},"end":{"line":9,"column":3}}},"fnMap":{"0":{"name":"(anonymous_0)","decl":{"start":{"line":4,"column":25},"end":{"line":4,"column":26}},"loc":{"start":{"line":4,"column":41},"end":{"line":10,"column":1}},"line":4}},"branchMap":{},"s":{"0":6,"1":1},"f":{"0":1},"b":{},"_coverageSchema":"43e27e138ebf9cfc5966b082cf9a028302ed4184","hash":"0e287e888a5e56d79426caff9706af847f82bbe0"}
,"/Users/hamdiceylan/Projects/financial-house-test/client/src/app/reducers/rootReducer.js": {"path":"/Users/hamdiceylan/Projects/financial-house-test/client/src/app/reducers/rootReducer.js","statementMap":{"0":{"start":{"line":7,"column":21},"end":{"line":12,"column":2}}},"fnMap":{},"branchMap":{},"s":{"0":1},"f":{},"b":{},"_coverageSchema":"43e27e138ebf9cfc5966b082cf9a028302ed4184","hash":"edbf7650cbcbcfd5c2af1922ce445e084cc883f0"}
,"/Users/hamdiceylan/Projects/financial-house-test/client/src/app/store/configureStore.js": {"path":"/Users/hamdiceylan/Projects/financial-house-test/client/src/app/store/configureStore.js","statementMap":{"0":{"start":{"line":8,"column":30},"end":{"line":33,"column":1}},"1":{"start":{"line":9,"column":24},"end":{"line":9,"column":31}},"2":{"start":{"line":10,"column":31},"end":{"line":10,"column":62}},"3":{"start":{"line":12,"column":27},"end":{"line":12,"column":47}},"4":{"start":{"line":14,"column":29},"end":{"line":15,"column":26}},"5":{"start":{"line":17,"column":18},"end":{"line":21,"column":5}},"6":{"start":{"line":23,"column":4},"end":{"line":30,"column":5}},"7":{"start":{"line":24,"column":8},"end":{"line":29,"column":9}},"8":{"start":{"line":25,"column":12},"end":{"line":28,"column":14}},"9":{"start":{"line":26,"column":39},"end":{"line":26,"column":81}},"10":{"start":{"line":27,"column":16},"end":{"line":27,"column":53}},"11":{"start":{"line":32,"column":4},"end":{"line":32,"column":17}}},"fnMap":{"0":{"name":"(anonymous_0)","decl":{"start":{"line":8,"column":30},"end":{"line":8,"column":31}},"loc":{"start":{"line":8,"column":49},"end":{"line":33,"column":1}},"line":8},"1":{"name":"(anonymous_1)","decl":{"start":{"line":25,"column":57},"end":{"line":25,"column":58}},"loc":{"start":{"line":25,"column":63},"end":{"line":28,"column":13}},"line":25}},"branchMap":{"0":{"loc":{"start":{"line":23,"column":4},"end":{"line":30,"column":5}},"type":"if","locations":[{"start":{"line":23,"column":4},"end":{"line":30,"column":5}},{"start":{"line":23,"column":4},"end":{"line":30,"column":5}}],"line":23},"1":{"loc":{"start":{"line":24,"column":8},"end":{"line":29,"column":9}},"type":"if","locations":[{"start":{"line":24,"column":8},"end":{"line":29,"column":9}},{"start":{"line":24,"column":8},"end":{"line":29,"column":9}}],"line":24}},"s":{"0":0,"1":0,"2":0,"3":0,"4":0,"5":0,"6":0,"7":0,"8":0,"9":0,"10":0,"11":0},"f":{"0":0,"1":0},"b":{"0":[0,0],"1":[0,0]},"hash":"98e8d379dcadf66323cda6f7d00bce7b8771fcca"}
,"/Users/hamdiceylan/Projects/financial-house-test/client/src/features/async/asyncActions.js": {"path":"/Users/hamdiceylan/Projects/financial-house-test/client/src/features/async/asyncActions.js","statementMap":{"0":{"start":{"line":3,"column":32},"end":{"line":7,"column":1}},"1":{"start":{"line":4,"column":4},"end":{"line":6,"column":5}},"2":{"start":{"line":9,"column":33},"end":{"line":13,"column":1}},"3":{"start":{"line":10,"column":4},"end":{"line":12,"column":5}},"4":{"start":{"line":15,"column":32},"end":{"line":19,"column":1}},"5":{"start":{"line":16,"column":4},"end":{"line":18,"column":5}}},"fnMap":{"0":{"name":"(anonymous_0)","decl":{"start":{"line":3,"column":32},"end":{"line":3,"column":33}},"loc":{"start":{"line":3,"column":38},"end":{"line":7,"column":1}},"line":3},"1":{"name":"(anonymous_1)","decl":{"start":{"line":9,"column":33},"end":{"line":9,"column":34}},"loc":{"start":{"line":9,"column":39},"end":{"line":13,"column":1}},"line":9},"2":{"name":"(anonymous_2)","decl":{"start":{"line":15,"column":32},"end":{"line":15,"column":33}},"loc":{"start":{"line":15,"column":38},"end":{"line":19,"column":1}},"line":15}},"branchMap":{},"s":{"0":9,"1":5,"2":9,"3":4,"4":9,"5":2},"f":{"0":5,"1":4,"2":2},"b":{},"_coverageSchema":"43e27e138ebf9cfc5966b082cf9a028302ed4184","hash":"848d0f62dbd8d0f90786686b1884adcff73a2c11"}
,"/Users/hamdiceylan/Projects/financial-house-test/client/src/features/async/asyncConstants.js": {"path":"/Users/hamdiceylan/Projects/financial-house-test/client/src/features/async/asyncConstants.js","statementMap":{"0":{"start":{"line":1,"column":34},"end":{"line":1,"column":54}},"1":{"start":{"line":2,"column":35},"end":{"line":2,"column":56}},"2":{"start":{"line":3,"column":34},"end":{"line":3,"column":54}}},"fnMap":{},"branchMap":{},"s":{"0":11,"1":11,"2":11},"f":{},"b":{},"_coverageSchema":"43e27e138ebf9cfc5966b082cf9a028302ed4184","hash":"dd9ad62e6c98755d41a3bcee0192e86254288d61"}
,"/Users/hamdiceylan/Projects/financial-house-test/client/src/features/async/asyncReducer.js": {"path":"/Users/hamdiceylan/Projects/financial-house-test/client/src/features/async/asyncReducer.js","statementMap":{"0":{"start":{"line":4,"column":21},"end":{"line":6,"column":1}},"1":{"start":{"line":8,"column":34},"end":{"line":10,"column":1}},"2":{"start":{"line":9,"column":4},"end":{"line":9,"column":36}},"3":{"start":{"line":12,"column":35},"end":{"line":14,"column":1}},"4":{"start":{"line":13,"column":4},"end":{"line":13,"column":37}},"5":{"start":{"line":16,"column":32},"end":{"line":18,"column":1}},"6":{"start":{"line":17,"column":4},"end":{"line":17,"column":37}}},"fnMap":{"0":{"name":"(anonymous_0)","decl":{"start":{"line":8,"column":34},"end":{"line":8,"column":35}},"loc":{"start":{"line":8,"column":45},"end":{"line":10,"column":1}},"line":8},"1":{"name":"(anonymous_1)","decl":{"start":{"line":12,"column":35},"end":{"line":12,"column":36}},"loc":{"start":{"line":12,"column":46},"end":{"line":14,"column":1}},"line":12},"2":{"name":"(anonymous_2)","decl":{"start":{"line":16,"column":32},"end":{"line":16,"column":33}},"loc":{"start":{"line":16,"column":43},"end":{"line":18,"column":1}},"line":16}},"branchMap":{},"s":{"0":2,"1":2,"2":2,"3":2,"4":1,"5":2,"6":1},"f":{"0":2,"1":1,"2":1},"b":{},"_coverageSchema":"43e27e138ebf9cfc5966b082cf9a028302ed4184","hash":"2601626a02e929ad89a7937b7968406e214efbd6"}
,"/Users/hamdiceylan/Projects/financial-house-test/client/src/features/auth/authActions.js": {"path":"/Users/hamdiceylan/Projects/financial-house-test/client/src/features/auth/authActions.js","statementMap":{"0":{"start":{"line":4,"column":21},"end":{"line":25,"column":1}},"1":{"start":{"line":5,"column":4},"end":{"line":24,"column":5}},"2":{"start":{"line":6,"column":6},"end":{"line":23,"column":7}},"3":{"start":{"line":7,"column":8},"end":{"line":7,"column":36}},"4":{"start":{"line":8,"column":25},"end":{"line":14,"column":10}},"5":{"start":{"line":15,"column":21},"end":{"line":15,"column":42}},"6":{"start":{"line":16,"column":8},"end":{"line":16,"column":57}},"7":{"start":{"line":17,"column":8},"end":{"line":17,"column":52}},"8":{"start":{"line":18,"column":8},"end":{"line":18,"column":33}},"9":{"start":{"line":19,"column":8},"end":{"line":19,"column":37}},"10":{"start":{"line":21,"column":8},"end":{"line":21,"column":36}},"11":{"start":{"line":22,"column":8},"end":{"line":22,"column":27}}},"fnMap":{"0":{"name":"(anonymous_0)","decl":{"start":{"line":4,"column":21},"end":{"line":4,"column":22}},"loc":{"start":{"line":4,"column":34},"end":{"line":25,"column":1}},"line":4},"1":{"name":"(anonymous_1)","decl":{"start":{"line":5,"column":11},"end":{"line":5,"column":12}},"loc":{"start":{"line":5,"column":41},"end":{"line":24,"column":5}},"line":5}},"branchMap":{},"s":{"0":3,"1":1,"2":1,"3":1,"4":1,"5":1,"6":1,"7":1,"8":1,"9":0,"10":1,"11":1},"f":{"0":1,"1":1},"b":{},"_coverageSchema":"43e27e138ebf9cfc5966b082cf9a028302ed4184","hash":"bb830ba4677113a7d91a603d64e5b6b552f64bb5"}
,"/Users/hamdiceylan/Projects/financial-house-test/client/src/features/auth/authConstants.js": {"path":"/Users/hamdiceylan/Projects/financial-house-test/client/src/features/auth/authConstants.js","statementMap":{"0":{"start":{"line":1,"column":26},"end":{"line":1,"column":38}}},"fnMap":{},"branchMap":{},"s":{"0":5},"f":{},"b":{},"_coverageSchema":"43e27e138ebf9cfc5966b082cf9a028302ed4184","hash":"d625cc0a36979b51e2a91ec45d7d7665dd542c2d"}
,"/Users/hamdiceylan/Projects/financial-house-test/client/src/features/auth/authReducer.js": {"path":"/Users/hamdiceylan/Projects/financial-house-test/client/src/features/auth/authReducer.js","statementMap":{"0":{"start":{"line":4,"column":21},"end":{"line":9,"column":1}},"1":{"start":{"line":11,"column":25},"end":{"line":17,"column":1}},"2":{"start":{"line":12,"column":4},"end":{"line":16,"column":5}}},"fnMap":{"0":{"name":"(anonymous_0)","decl":{"start":{"line":11,"column":25},"end":{"line":11,"column":26}},"loc":{"start":{"line":11,"column":44},"end":{"line":17,"column":1}},"line":11}},"branchMap":{},"s":{"0":2,"1":2,"2":1},"f":{"0":1},"b":{},"_coverageSchema":"43e27e138ebf9cfc5966b082cf9a028302ed4184","hash":"c1ba6cdb7117382ced0a36b25853dd231528ed54"}
,"/Users/hamdiceylan/Projects/financial-house-test/client/src/features/auth/Login/LoginPage.js": {"path":"/Users/hamdiceylan/Projects/financial-house-test/client/src/features/auth/Login/LoginPage.js","statementMap":{"0":{"start":{"line":9,"column":16},"end":{"line":11,"column":1}},"1":{"start":{"line":15,"column":50},"end":{"line":15,"column":60}},"2":{"start":{"line":16,"column":4},"end":{"line":47,"column":6}},"3":{"start":{"line":23,"column":66},"end":{"line":23,"column":80}}},"fnMap":{"0":{"name":"(anonymous_0)","decl":{"start":{"line":14,"column":2},"end":{"line":14,"column":3}},"loc":{"start":{"line":14,"column":11},"end":{"line":48,"column":3}},"line":14},"1":{"name":"(anonymous_1)","decl":{"start":{"line":23,"column":60},"end":{"line":23,"column":61}},"loc":{"start":{"line":23,"column":66},"end":{"line":23,"column":80}},"line":23}},"branchMap":{"0":{"loc":{"start":{"line":38,"column":17},"end":{"line":38,"column":66}},"type":"binary-expr","locations":[{"start":{"line":38,"column":17},"end":{"line":38,"column":22}},{"start":{"line":38,"column":26},"end":{"line":38,"column":66}}],"line":38}},"s":{"0":2,"1":1,"2":1,"3":0},"f":{"0":1,"1":0},"b":{"0":[1,0]},"_coverageSchema":"43e27e138ebf9cfc5966b082cf9a028302ed4184","hash":"d2d9134490a12e13e9916d434b76bd0968477a49"}
,"/Users/hamdiceylan/Projects/financial-house-test/client/src/features/dashboard/dashboardActions.js": {"path":"/Users/hamdiceylan/Projects/financial-house-test/client/src/features/dashboard/dashboardActions.js","statementMap":{"0":{"start":{"line":4,"column":32},"end":{"line":24,"column":1}},"1":{"start":{"line":5,"column":4},"end":{"line":23,"column":5}},"2":{"start":{"line":6,"column":6},"end":{"line":22,"column":7}},"3":{"start":{"line":7,"column":8},"end":{"line":7,"column":36}},"4":{"start":{"line":8,"column":25},"end":{"line":15,"column":10}},"5":{"start":{"line":16,"column":21},"end":{"line":16,"column":42}},"6":{"start":{"line":17,"column":8},"end":{"line":17,"column":60}},"7":{"start":{"line":18,"column":8},"end":{"line":18,"column":37}},"8":{"start":{"line":20,"column":8},"end":{"line":20,"column":36}},"9":{"start":{"line":21,"column":8},"end":{"line":21,"column":27}},"10":{"start":{"line":26,"column":31},"end":{"line":47,"column":1}},"11":{"start":{"line":27,"column":4},"end":{"line":46,"column":5}},"12":{"start":{"line":28,"column":8},"end":{"line":45,"column":9}},"13":{"start":{"line":29,"column":12},"end":{"line":29,"column":40}},"14":{"start":{"line":30,"column":29},"end":{"line":37,"column":16}},"15":{"start":{"line":38,"column":27},"end":{"line":38,"column":48}},"16":{"start":{"line":39,"column":14},"end":{"line":39,"column":60}},"17":{"start":{"line":41,"column":12},"end":{"line":41,"column":41}},"18":{"start":{"line":43,"column":12},"end":{"line":43,"column":40}},"19":{"start":{"line":44,"column":12},"end":{"line":44,"column":31}},"20":{"start":{"line":49,"column":36},"end":{"line":70,"column":1}},"21":{"start":{"line":50,"column":4},"end":{"line":69,"column":5}},"22":{"start":{"line":51,"column":8},"end":{"line":68,"column":9}},"23":{"start":{"line":52,"column":12},"end":{"line":52,"column":40}},"24":{"start":{"line":53,"column":29},"end":{"line":60,"column":16}},"25":{"start":{"line":61,"column":27},"end":{"line":61,"column":48}},"26":{"start":{"line":62,"column":14},"end":{"line":62,"column":72}},"27":{"start":{"line":64,"column":12},"end":{"line":64,"column":41}},"28":{"start":{"line":66,"column":12},"end":{"line":66,"column":40}},"29":{"start":{"line":67,"column":12},"end":{"line":67,"column":31}}},"fnMap":{"0":{"name":"(anonymous_0)","decl":{"start":{"line":4,"column":32},"end":{"line":4,"column":33}},"loc":{"start":{"line":4,"column":38},"end":{"line":24,"column":1}},"line":4},"1":{"name":"(anonymous_1)","decl":{"start":{"line":5,"column":11},"end":{"line":5,"column":12}},"loc":{"start":{"line":5,"column":41},"end":{"line":23,"column":5}},"line":5},"2":{"name":"(anonymous_2)","decl":{"start":{"line":26,"column":31},"end":{"line":26,"column":32}},"loc":{"start":{"line":26,"column":50},"end":{"line":47,"column":1}},"line":26},"3":{"name":"(anonymous_3)","decl":{"start":{"line":27,"column":11},"end":{"line":27,"column":12}},"loc":{"start":{"line":27,"column":40},"end":{"line":46,"column":5}},"line":27},"4":{"name":"(anonymous_4)","decl":{"start":{"line":49,"column":36},"end":{"line":49,"column":37}},"loc":{"start":{"line":49,"column":55},"end":{"line":70,"column":1}},"line":49},"5":{"name":"(anonymous_5)","decl":{"start":{"line":50,"column":11},"end":{"line":50,"column":12}},"loc":{"start":{"line":50,"column":40},"end":{"line":69,"column":5}},"line":50}},"branchMap":{},"s":{"0":6,"1":1,"2":1,"3":1,"4":1,"5":1,"6":1,"7":1,"8":0,"9":0,"10":6,"11":1,"12":1,"13":1,"14":1,"15":1,"16":1,"17":1,"18":0,"19":0,"20":6,"21":1,"22":1,"23":1,"24":1,"25":1,"26":1,"27":1,"28":0,"29":0},"f":{"0":1,"1":1,"2":1,"3":1,"4":1,"5":1},"b":{},"_coverageSchema":"43e27e138ebf9cfc5966b082cf9a028302ed4184","hash":"33a18179399e0be4250b7efd88d5ff029a8889d6"}
,"/Users/hamdiceylan/Projects/financial-house-test/client/src/features/dashboard/dashboardConstants.js": {"path":"/Users/hamdiceylan/Projects/financial-house-test/client/src/features/dashboard/dashboardConstants.js","statementMap":{"0":{"start":{"line":1,"column":34},"end":{"line":1,"column":54}},"1":{"start":{"line":2,"column":28},"end":{"line":2,"column":42}},"2":{"start":{"line":3,"column":40},"end":{"line":3,"column":66}}},"fnMap":{},"branchMap":{},"s":{"0":8,"1":8,"2":8},"f":{},"b":{},"_coverageSchema":"43e27e138ebf9cfc5966b082cf9a028302ed4184","hash":"b715970b32d9102fd49175f618b6703a0eee7173"}
,"/Users/hamdiceylan/Projects/financial-house-test/client/src/features/dashboard/dashboardReducer.js": {"path":"/Users/hamdiceylan/Projects/financial-house-test/client/src/features/dashboard/dashboardReducer.js","statementMap":{"0":{"start":{"line":4,"column":21},"end":{"line":8,"column":1}},"1":{"start":{"line":10,"column":33},"end":{"line":15,"column":1}},"2":{"start":{"line":11,"column":4},"end":{"line":14,"column":5}},"3":{"start":{"line":17,"column":27},"end":{"line":22,"column":1}},"4":{"start":{"line":18,"column":4},"end":{"line":21,"column":5}},"5":{"start":{"line":24,"column":38},"end":{"line":29,"column":1}},"6":{"start":{"line":25,"column":4},"end":{"line":28,"column":5}}},"fnMap":{"0":{"name":"(anonymous_0)","decl":{"start":{"line":10,"column":33},"end":{"line":10,"column":34}},"loc":{"start":{"line":10,"column":52},"end":{"line":15,"column":1}},"line":10},"1":{"name":"(anonymous_1)","decl":{"start":{"line":17,"column":27},"end":{"line":17,"column":28}},"loc":{"start":{"line":17,"column":46},"end":{"line":22,"column":1}},"line":17},"2":{"name":"(anonymous_2)","decl":{"start":{"line":24,"column":38},"end":{"line":24,"column":39}},"loc":{"start":{"line":24,"column":57},"end":{"line":29,"column":1}},"line":24}},"branchMap":{},"s":{"0":2,"1":2,"2":1,"3":2,"4":1,"5":2,"6":1},"f":{"0":1,"1":1,"2":1},"b":{},"_coverageSchema":"43e27e138ebf9cfc5966b082cf9a028302ed4184","hash":"3620dcbf7e1734bb2ee9bc651d5b3f36f1270615"}
,"/Users/hamdiceylan/Projects/financial-house-test/client/src/features/dashboard/ClientDetail/ClientDetail.js": {"path":"/Users/hamdiceylan/Projects/financial-house-test/client/src/features/dashboard/ClientDetail/ClientDetail.js","statementMap":{"0":{"start":{"line":9,"column":16},"end":{"line":11,"column":1}},"1":{"start":{"line":13,"column":17},"end":{"line":15,"column":2}},"2":{"start":{"line":13,"column":29},"end":{"line":15,"column":1}},"3":{"start":{"line":18,"column":12},"end":{"line":21,"column":5}},"4":{"start":{"line":23,"column":30},"end":{"line":23,"column":56}},"5":{"start":{"line":24,"column":8},"end":{"line":24,"column":56}},"6":{"start":{"line":28,"column":8},"end":{"line":31,"column":10}},"7":{"start":{"line":35,"column":34},"end":{"line":35,"column":44}},"8":{"start":{"line":36,"column":8},"end":{"line":83,"column":10}}},"fnMap":{"0":{"name":"(anonymous_0)","decl":{"start":{"line":13,"column":17},"end":{"line":13,"column":18}},"loc":{"start":{"line":13,"column":29},"end":{"line":15,"column":1}},"line":13},"1":{"name":"(anonymous_1)","decl":{"start":{"line":22,"column":4},"end":{"line":22,"column":5}},"loc":{"start":{"line":22,"column":29},"end":{"line":25,"column":5}},"line":22},"2":{"name":"(anonymous_2)","decl":{"start":{"line":27,"column":4},"end":{"line":27,"column":5}},"loc":{"start":{"line":27,"column":40},"end":{"line":32,"column":5}},"line":27},"3":{"name":"(anonymous_3)","decl":{"start":{"line":34,"column":4},"end":{"line":34,"column":5}},"loc":{"start":{"line":34,"column":13},"end":{"line":84,"column":5}},"line":34}},"branchMap":{"0":{"loc":{"start":{"line":38,"column":17},"end":{"line":38,"column":64}},"type":"binary-expr","locations":[{"start":{"line":38,"column":17},"end":{"line":38,"column":24}},{"start":{"line":38,"column":28},"end":{"line":38,"column":64}}],"line":38}},"s":{"0":3,"1":3,"2":0,"3":0,"4":0,"5":0,"6":0,"7":0,"8":0},"f":{"0":0,"1":0,"2":0,"3":0},"b":{"0":[0,0]},"_coverageSchema":"43e27e138ebf9cfc5966b082cf9a028302ed4184","hash":"e68e2577f1567b5b3987ac83aa2fda1123e48eac"}
,"/Users/hamdiceylan/Projects/financial-house-test/client/src/features/dashboard/DashboardHome/DashboardHome.js": {"path":"/Users/hamdiceylan/Projects/financial-house-test/client/src/features/dashboard/DashboardHome/DashboardHome.js","statementMap":{"0":{"start":{"line":10,"column":22},"end":{"line":27,"column":1}},"1":{"start":{"line":11,"column":2},"end":{"line":26,"column":3}},"2":{"start":{"line":20,"column":52},"end":{"line":20,"column":71}},"3":{"start":{"line":23,"column":60},"end":{"line":23,"column":79}}},"fnMap":{"0":{"name":"(anonymous_0)","decl":{"start":{"line":10,"column":22},"end":{"line":10,"column":23}},"loc":{"start":{"line":10,"column":28},"end":{"line":27,"column":1}},"line":10},"1":{"name":"(anonymous_1)","decl":{"start":{"line":20,"column":46},"end":{"line":20,"column":47}},"loc":{"start":{"line":20,"column":52},"end":{"line":20,"column":71}},"line":20},"2":{"name":"(anonymous_2)","decl":{"start":{"line":23,"column":54},"end":{"line":23,"column":55}},"loc":{"start":{"line":23,"column":60},"end":{"line":23,"column":79}},"line":23}},"branchMap":{},"s":{"0":2,"1":1,"2":0,"3":0},"f":{"0":1,"1":0,"2":0},"b":{},"_coverageSchema":"43e27e138ebf9cfc5966b082cf9a028302ed4184","hash":"c04c326b8c068c62145861f006ff505c60539ba5"}
,"/Users/hamdiceylan/Projects/financial-house-test/client/src/features/dashboard/DashboardNav/DashboardNav.js": {"path":"/Users/hamdiceylan/Projects/financial-house-test/client/src/features/dashboard/DashboardNav/DashboardNav.js","statementMap":{"0":{"start":{"line":6,"column":2},"end":{"line":12,"column":3}}},"fnMap":{"0":{"name":"DashboardNav","decl":{"start":{"line":5,"column":9},"end":{"line":5,"column":21}},"loc":{"start":{"line":5,"column":24},"end":{"line":13,"column":1}},"line":5}},"branchMap":{},"s":{"0":1},"f":{"0":1},"b":{},"_coverageSchema":"43e27e138ebf9cfc5966b082cf9a028302ed4184","hash":"3524624686b7759272d606c17e26f6d083e725a1"}
,"/Users/hamdiceylan/Projects/financial-house-test/client/src/features/dashboard/TransactionDetail/TransactionDetail.js": {"path":"/Users/hamdiceylan/Projects/financial-house-test/client/src/features/dashboard/TransactionDetail/TransactionDetail.js","statementMap":{"0":{"start":{"line":8,"column":16},"end":{"line":10,"column":1}},"1":{"start":{"line":12,"column":17},"end":{"line":14,"column":2}},"2":{"start":{"line":12,"column":29},"end":{"line":14,"column":1}},"3":{"start":{"line":17,"column":10},"end":{"line":20,"column":3}},"4":{"start":{"line":22,"column":26},"end":{"line":22,"column":52}},"5":{"start":{"line":23,"column":4},"end":{"line":23,"column":57}},"6":{"start":{"line":27,"column":6},"end":{"line":30,"column":8}},"7":{"start":{"line":33,"column":35},"end":{"line":33,"column":45}},"8":{"start":{"line":35,"column":4},"end":{"line":87,"column":5}}},"fnMap":{"0":{"name":"(anonymous_0)","decl":{"start":{"line":12,"column":17},"end":{"line":12,"column":18}},"loc":{"start":{"line":12,"column":29},"end":{"line":14,"column":1}},"line":12},"1":{"name":"(anonymous_1)","decl":{"start":{"line":21,"column":2},"end":{"line":21,"column":3}},"loc":{"start":{"line":21,"column":27},"end":{"line":24,"column":3}},"line":21},"2":{"name":"(anonymous_2)","decl":{"start":{"line":26,"column":2},"end":{"line":26,"column":3}},"loc":{"start":{"line":26,"column":38},"end":{"line":31,"column":3}},"line":26},"3":{"name":"(anonymous_3)","decl":{"start":{"line":32,"column":2},"end":{"line":32,"column":3}},"loc":{"start":{"line":32,"column":11},"end":{"line":88,"column":3}},"line":32}},"branchMap":{"0":{"loc":{"start":{"line":37,"column":9},"end":{"line":37,"column":56}},"type":"binary-expr","locations":[{"start":{"line":37,"column":9},"end":{"line":37,"column":16}},{"start":{"line":37,"column":20},"end":{"line":37,"column":56}}],"line":37},"1":{"loc":{"start":{"line":49,"column":19},"end":{"line":58,"column":27}},"type":"binary-expr","locations":[{"start":{"line":49,"column":19},"end":{"line":49,"column":43}},{"start":{"line":50,"column":20},"end":{"line":58,"column":27}}],"line":49},"2":{"loc":{"start":{"line":65,"column":23},"end":{"line":74,"column":36}},"type":"binary-expr","locations":[{"start":{"line":65,"column":23},"end":{"line":65,"column":46}},{"start":{"line":66,"column":22},"end":{"line":74,"column":36}}],"line":65},"3":{"loc":{"start":{"line":75,"column":23},"end":{"line":80,"column":36}},"type":"binary-expr","locations":[{"start":{"line":75,"column":23},"end":{"line":75,"column":37}},{"start":{"line":76,"column":22},"end":{"line":80,"column":36}}],"line":75}},"s":{"0":3,"1":3,"2":0,"3":0,"4":0,"5":0,"6":0,"7":0,"8":0},"f":{"0":0,"1":0,"2":0,"3":0},"b":{"0":[0,0],"1":[0,0],"2":[0,0],"3":[0,0]},"_coverageSchema":"43e27e138ebf9cfc5966b082cf9a028302ed4184","hash":"560d3c04cd9a5c836689282ea0fbe6a7dfd0678b"}
,"/Users/hamdiceylan/Projects/financial-house-test/client/src/features/dashboard/TransactionList/TransactionList.js": {"path":"/Users/hamdiceylan/Projects/financial-house-test/client/src/features/dashboard/TransactionList/TransactionList.js","statementMap":{"0":{"start":{"line":8,"column":16},"end":{"line":10,"column":1}},"1":{"start":{"line":12,"column":17},"end":{"line":15,"column":2}},"2":{"start":{"line":12,"column":29},"end":{"line":15,"column":1}},"3":{"start":{"line":18,"column":10},"end":{"line":21,"column":3}},"4":{"start":{"line":23,"column":4},"end":{"line":23,"column":40}},"5":{"start":{"line":27,"column":6},"end":{"line":30,"column":8}},"6":{"start":{"line":34,"column":36},"end":{"line":34,"column":46}},"7":{"start":{"line":36,"column":4},"end":{"line":72,"column":7}},"8":{"start":{"line":52,"column":28},"end":{"line":65,"column":40}}},"fnMap":{"0":{"name":"(anonymous_0)","decl":{"start":{"line":12,"column":17},"end":{"line":12,"column":18}},"loc":{"start":{"line":12,"column":29},"end":{"line":15,"column":1}},"line":12},"1":{"name":"(anonymous_1)","decl":{"start":{"line":22,"column":2},"end":{"line":22,"column":3}},"loc":{"start":{"line":22,"column":27},"end":{"line":24,"column":3}},"line":22},"2":{"name":"(anonymous_2)","decl":{"start":{"line":26,"column":2},"end":{"line":26,"column":3}},"loc":{"start":{"line":26,"column":38},"end":{"line":31,"column":3}},"line":26},"3":{"name":"(anonymous_3)","decl":{"start":{"line":33,"column":2},"end":{"line":33,"column":3}},"loc":{"start":{"line":33,"column":11},"end":{"line":73,"column":3}},"line":33},"4":{"name":"(anonymous_4)","decl":{"start":{"line":51,"column":69},"end":{"line":51,"column":70}},"loc":{"start":{"line":52,"column":28},"end":{"line":65,"column":40}},"line":52}},"branchMap":{"0":{"loc":{"start":{"line":38,"column":13},"end":{"line":38,"column":60}},"type":"binary-expr","locations":[{"start":{"line":38,"column":13},"end":{"line":38,"column":20}},{"start":{"line":38,"column":24},"end":{"line":38,"column":60}}],"line":38},"1":{"loc":{"start":{"line":51,"column":25},"end":{"line":66,"column":26}},"type":"binary-expr","locations":[{"start":{"line":51,"column":25},"end":{"line":51,"column":48}},{"start":{"line":51,"column":52},"end":{"line":66,"column":26}}],"line":51}},"s":{"0":3,"1":3,"2":0,"3":1,"4":0,"5":0,"6":1,"7":1,"8":0},"f":{"0":0,"1":0,"2":0,"3":1,"4":0},"b":{"0":[1,1],"1":[1,0]},"_coverageSchema":"43e27e138ebf9cfc5966b082cf9a028302ed4184","hash":"afcca0f5af2f65169b77e24b56a24f1d03646c8f"}
}
