TN:
SF:/Users/hamdiceylan/Projects/financial-house-test/client/src/app/common/form/TextInput/TextInput.js
FN:4,(anonymous_0)
FNF:1
FNH:0
FNDA:0,(anonymous_0)
DA:4,2
DA:5,0
LF:2
LH:1
BRDA:6,0,0,0
BRDA:6,0,1,0
BRDA:8,1,0,0
BRDA:8,1,1,0
BRDA:8,1,2,0
BRF:5
BRH:0
end_of_record
TN:
SF:/Users/hamdiceylan/Projects/financial-house-test/client/src/app/common/util/reducerUtil.js
FN:1,(anonymous_0)
FN:2,(anonymous_1)
FNF:2
FNH:2
FNDA:6,(anonymous_0)
FNDA:26,(anonymous_1)
DA:1,4
DA:2,6
DA:3,26
DA:4,26
LF:4
LH:4
BRDA:2,0,0,26
BRDA:4,1,0,8
BRDA:4,1,1,18
BRF:3
BRH:3
end_of_record
TN:
SF:/Users/hamdiceylan/Projects/financial-house-test/client/src/app/layout/App.js
FN:7,(anonymous_0)
FN:15,(anonymous_1)
FNF:2
FNH:0
FNDA:0,(anonymous_0)
FNDA:0,(anonymous_1)
DA:8,0
DA:16,0
LF:2
LH:0
BRF:0
BRH:0
end_of_record
TN:
SF:/Users/hamdiceylan/Projects/financial-house-test/client/src/app/layout/LoadingComponent.js
FN:4,(anonymous_0)
FNF:1
FNH:1
FNDA:1,(anonymous_0)
DA:4,6
DA:5,1
LF:2
LH:2
BRF:0
BRH:0
end_of_record
TN:
SF:/Users/hamdiceylan/Projects/financial-house-test/client/src/app/layout/PageHeader.js
FN:4,(anonymous_0)
FNF:1
FNH:1
FNDA:1,(anonymous_0)
DA:4,5
DA:5,1
LF:2
LH:2
BRF:0
BRH:0
end_of_record
TN:
SF:/Users/hamdiceylan/Projects/financial-house-test/client/src/app/reducers/rootReducer.js
FNF:0
FNH:0
DA:7,1
LF:1
LH:1
BRF:0
BRH:0
end_of_record
TN:
SF:/Users/hamdiceylan/Projects/financial-house-test/client/src/features/async/asyncActions.js
FN:3,(anonymous_0)
FN:9,(anonymous_1)
FN:15,(anonymous_2)
FNF:3
FNH:3
FNDA:6,(anonymous_0)
FNDA:5,(anonymous_1)
FNDA:2,(anonymous_2)
DA:3,9
DA:4,6
DA:9,9
DA:10,5
DA:15,9
DA:16,2
LF:6
LH:6
BRF:0
BRH:0
end_of_record
TN:
SF:/Users/hamdiceylan/Projects/financial-house-test/client/src/features/async/asyncConstants.js
FNF:0
FNH:0
DA:1,11
DA:2,11
DA:3,11
LF:3
LH:3
BRF:0
BRH:0
end_of_record
TN:
SF:/Users/hamdiceylan/Projects/financial-house-test/client/src/features/async/asyncReducer.js
FN:8,(anonymous_0)
FN:12,(anonymous_1)
FN:16,(anonymous_2)
FNF:3
FNH:3
FNDA:2,(anonymous_0)
FNDA:1,(anonymous_1)
FNDA:1,(anonymous_2)
DA:4,2
DA:8,2
DA:9,2
DA:12,2
DA:13,1
DA:16,2
DA:17,1
LF:7
LH:7
BRF:0
BRH:0
end_of_record
TN:
SF:/Users/hamdiceylan/Projects/financial-house-test/client/src/features/auth/authActions.js
FN:4,(anonymous_0)
FN:5,(anonymous_1)
FNF:2
FNH:2
FNDA:2,(anonymous_0)
FNDA:2,(anonymous_1)
DA:4,3
DA:5,2
DA:6,2
DA:7,2
DA:8,2
DA:15,1
DA:16,1
DA:17,1
DA:18,1
DA:19,1
DA:21,1
LF:11
LH:11
BRF:0
BRH:0
end_of_record
TN:
SF:/Users/hamdiceylan/Projects/financial-house-test/client/src/features/auth/authConstants.js
FNF:0
FNH:0
DA:1,5
LF:1
LH:1
BRF:0
BRH:0
end_of_record
TN:
SF:/Users/hamdiceylan/Projects/financial-house-test/client/src/features/auth/authReducer.js
FN:11,(anonymous_0)
FNF:1
FNH:1
FNDA:1,(anonymous_0)
DA:4,2
DA:11,2
DA:12,1
LF:3
LH:3
BRF:0
BRH:0
end_of_record
TN:
SF:/Users/hamdiceylan/Projects/financial-house-test/client/src/features/auth/Login/LoginPage.js
FN:14,(anonymous_0)
FN:25,(anonymous_1)
FNF:2
FNH:1
FNDA:1,(anonymous_0)
FNDA:0,(anonymous_1)
DA:9,2
DA:15,1
DA:16,1
DA:25,0
LF:4
LH:3
BRDA:41,0,0,1
BRDA:41,0,1,0
BRF:2
BRH:1
end_of_record
TN:
SF:/Users/hamdiceylan/Projects/financial-house-test/client/src/features/dashboard/dashboardActions.js
FN:4,(anonymous_0)
FN:5,(anonymous_1)
FN:26,(anonymous_2)
FN:27,(anonymous_3)
FN:49,(anonymous_4)
FN:50,(anonymous_5)
FNF:6
FNH:6
FNDA:1,(anonymous_0)
FNDA:1,(anonymous_1)
FNDA:1,(anonymous_2)
FNDA:1,(anonymous_3)
FNDA:1,(anonymous_4)
FNDA:1,(anonymous_5)
DA:4,6
DA:5,1
DA:6,1
DA:7,1
DA:8,1
DA:16,1
DA:17,1
DA:18,1
DA:20,0
DA:21,0
DA:26,6
DA:27,1
DA:28,1
DA:29,1
DA:30,1
DA:38,1
DA:39,1
DA:41,1
DA:43,0
DA:44,0
DA:49,6
DA:50,1
DA:51,1
DA:52,1
DA:53,1
DA:61,1
DA:62,1
DA:64,1
DA:66,0
DA:67,0
LF:30
LH:24
BRF:0
BRH:0
end_of_record
TN:
SF:/Users/hamdiceylan/Projects/financial-house-test/client/src/features/dashboard/dashboardConstants.js
FNF:0
FNH:0
DA:1,8
DA:2,8
DA:3,8
LF:3
LH:3
BRF:0
BRH:0
end_of_record
TN:
SF:/Users/hamdiceylan/Projects/financial-house-test/client/src/features/dashboard/dashboardReducer.js
FN:10,(anonymous_0)
FN:17,(anonymous_1)
FN:24,(anonymous_2)
FNF:3
FNH:3
FNDA:1,(anonymous_0)
FNDA:1,(anonymous_1)
FNDA:1,(anonymous_2)
DA:4,2
DA:10,2
DA:11,1
DA:17,2
DA:18,1
DA:24,2
DA:25,1
LF:7
LH:7
BRF:0
BRH:0
end_of_record
TN:
SF:/Users/hamdiceylan/Projects/financial-house-test/client/src/features/dashboard/ClientDetail/ClientDetail.js
FN:17,(anonymous_0)
FN:26,(anonymous_1)
FN:31,(anonymous_2)
FN:38,(anonymous_3)
FNF:4
FNH:0
FNDA:0,(anonymous_0)
FNDA:0,(anonymous_1)
FNDA:0,(anonymous_2)
FNDA:0,(anonymous_3)
DA:13,3
DA:17,3
DA:22,0
DA:27,0
DA:28,0
DA:32,0
DA:39,0
DA:40,0
LF:8
LH:2
BRDA:42,0,0,0
BRDA:42,0,1,0
BRDA:50,1,0,0
BRDA:50,1,1,0
BRF:4
BRH:0
end_of_record
TN:
SF:/Users/hamdiceylan/Projects/financial-house-test/client/src/features/dashboard/CreditCard/CreditCard.js
FN:4,(anonymous_0)
FNF:1
FNH:1
FNDA:1,(anonymous_0)
DA:4,4
DA:5,1
LF:2
LH:2
BRF:0
BRH:0
end_of_record
TN:
SF:/Users/hamdiceylan/Projects/financial-house-test/client/src/features/dashboard/CustomerInfo/CustomerInfo.js
FN:4,(anonymous_0)
FNF:1
FNH:1
FNDA:1,(anonymous_0)
DA:4,5
DA:5,1
LF:2
LH:2
BRF:0
BRH:0
end_of_record
TN:
SF:/Users/hamdiceylan/Projects/financial-house-test/client/src/features/dashboard/DashboardHome/DashboardHome.js
FN:10,(anonymous_0)
FN:20,(anonymous_1)
FN:23,(anonymous_2)
FNF:3
FNH:1
FNDA:1,(anonymous_0)
FNDA:0,(anonymous_1)
FNDA:0,(anonymous_2)
DA:10,2
DA:11,1
DA:20,0
DA:23,0
LF:4
LH:2
BRF:0
BRH:0
end_of_record
TN:
SF:/Users/hamdiceylan/Projects/financial-house-test/client/src/features/dashboard/DashboardNav/DashboardNav.js
FN:5,DashboardNav
FNF:1
FNH:1
FNDA:1,DashboardNav
DA:6,1
LF:1
LH:1
BRF:0
BRH:0
end_of_record
TN:
SF:/Users/hamdiceylan/Projects/financial-house-test/client/src/features/dashboard/FxDetails/FxDetails.js
FN:4,(anonymous_0)
FNF:1
FNH:1
FNDA:1,(anonymous_0)
DA:4,4
DA:5,1
LF:2
LH:2
BRF:0
BRH:0
end_of_record
TN:
SF:/Users/hamdiceylan/Projects/financial-house-test/client/src/features/dashboard/ShippingDetail/ShippingDetail.js
FN:4,ShippingDetail
FNF:1
FNH:1
FNDA:1,ShippingDetail
DA:5,1
LF:1
LH:1
BRF:0
BRH:0
end_of_record
TN:
SF:/Users/hamdiceylan/Projects/financial-house-test/client/src/features/dashboard/TransactionCard/TransactionCard.js
FN:4,(anonymous_0)
FNF:1
FNH:1
FNDA:1,(anonymous_0)
DA:4,4
DA:5,1
LF:2
LH:2
BRF:0
BRH:0
end_of_record
TN:
SF:/Users/hamdiceylan/Projects/financial-house-test/client/src/features/dashboard/TransactionDetail/TransactionDetail.js
FN:16,(anonymous_0)
FN:25,(anonymous_1)
FN:30,(anonymous_2)
FN:36,(anonymous_3)
FNF:4
FNH:0
FNDA:0,(anonymous_0)
FNDA:0,(anonymous_1)
FNDA:0,(anonymous_2)
FNDA:0,(anonymous_3)
DA:12,3
DA:16,3
DA:21,0
DA:26,0
DA:27,0
DA:31,0
DA:37,0
DA:39,0
LF:8
LH:2
BRDA:41,0,0,0
BRDA:41,0,1,0
BRDA:49,1,0,0
BRDA:49,1,1,0
BRDA:54,2,0,0
BRDA:54,2,1,0
BRDA:55,3,0,0
BRDA:55,3,1,0
BRF:8
BRH:0
end_of_record
TN:
SF:/Users/hamdiceylan/Projects/financial-house-test/client/src/features/dashboard/TransactionList/TransactionList.js
FN:12,(anonymous_0)
FN:22,(anonymous_1)
FN:26,(anonymous_2)
FN:33,(anonymous_3)
FN:51,(anonymous_4)
FNF:5
FNH:1
FNDA:0,(anonymous_0)
FNDA:0,(anonymous_1)
FNDA:0,(anonymous_2)
FNDA:1,(anonymous_3)
FNDA:0,(anonymous_4)
DA:8,3
DA:12,3
DA:18,1
DA:23,0
DA:27,0
DA:34,1
DA:36,1
DA:52,0
LF:8
LH:5
BRDA:38,0,0,1
BRDA:38,0,1,1
BRDA:51,1,0,1
BRDA:51,1,1,0
BRF:4
BRH:3
end_of_record
